Base path: C:/Programs/Unity/2019.1.10f1/Editor/Data
Cmd: initializeCompiler
Cmd: compileComputeKernel
  api=4 insize=14406 outsize=45233 ok=1
Cmd: compileComputeKernel
  api=4 insize=14406 outsize=41937 ok=1
Cmd: compileComputeKernel
  api=4 insize=14406 outsize=31625 ok=1
Cmd: compileComputeKernel
  api=4 insize=14406 outsize=64745 ok=1
Cmd: compileComputeKernel
  api=4 insize=14406 outsize=36329 ok=1
Cmd: compileComputeKernel
  api=4 insize=14406 outsize=33001 ok=1
Cmd: compileComputeKernel
  api=4 insize=26648 outsize=301 ok=1
Cmd: compileComputeKernel
  api=4 insize=9347 outsize=12813 ok=1
Cmd: compileComputeKernel
  api=4 insize=7409 outsize=4409 ok=1
Cmd: compileComputeKernel
  api=4 insize=20012 outsize=14241 ok=1
Cmd: compileComputeKernel
  api=4 insize=7704 outsize=297 ok=1
Cmd: compileComputeKernel
  api=4 insize=34508 outsize=33949 ok=1
Cmd: compileComputeKernel
  api=4 insize=5089 outsize=1361 ok=1
Cmd: compileComputeKernel
  api=4 insize=3918 outsize=693 ok=1
Cmd: compileSnippet
  api=4 type=1 insize=7237 outsize=142 kw=_NORMALMAP_TANGENT_SPACE pd=UNITY_ENABLE_REFLECTION_BUFFERS UNITY_USE_DITHER_MASK_FOR_ALPHABLENDED_SHADOWS UNITY_PBS_USE_BRDF1 UNITY_SPECCUBE_BOX_PROJECTION UNITY_SPECCUBE_BLENDING UNITY_ENABLE_DETAIL_NORMALMAP SHADER_API_DESKTOP UNITY_LIGHT_PROBE_PROXY_VOLUME UNITY_LIGHTMAP_FULL_HDR ok=1
